<?xml version="1.0" encoding="UTF-8"?>
<!-- Generated by org.testng.reporters.JUnitXMLReporter -->
<testsuite hostname="HP" ignored="0" name="Test" tests="2" failures="1" timestamp="29 Aug 2019 13:11:05 GMT" time="38.763" errors="0">
  <testcase name="testValidLogin" time="13.16" classname="scripts.TestValidLogin">
    <failure type="java.lang.AssertionError" message="null">
      <![CDATA[java.lang.AssertionError: null
at scripts.TestValidLogin.testValidLogin(TestValidLogin.java:32)
... Removed 27 stack frames]]>
    </failure>
  </testcase> <!-- testValidLogin -->
  <testcase name="testInvalidLogin" time="4.48" classname="scripts.TestInvalidLogin"/>
</testsuite> <!-- Test -->
